"2024-09-03 20:48:53,747 INFO  [main] com.team02.best_properta.BestPropertaApplication:Starting BestPropertaApplication using Java 21.0.2 with PID 48920 (C:\Users\suleyman\OneDrive\Masaüstü\graduation_project\best_properta\best_properta-main\target\classes started by suleyman in C:\Users\suleyman\OneDrive\Masaüstü\graduation_project)
""2024-09-03 20:48:53,801 INFO  [main] com.team02.best_properta.BestPropertaApplication:No active profile set, falling back to 1 default profile: "default"
""2024-09-03 20:48:58,130 INFO  [main] org.springframework.data.repository.config.RepositoryConfigurationDelegate:Bootstrapping Spring Data JPA repositories in DEFAULT mode.
""2024-09-03 20:48:58,693 INFO  [main] org.springframework.data.repository.config.RepositoryConfigurationDelegate:Finished Spring Data repository scanning in 516 ms. Found 8 JPA repository interfaces.
""2024-09-03 20:49:01,194 INFO  [main] org.springframework.boot.web.embedded.tomcat.TomcatWebServer:Tomcat initialized with port 8080 (http)
""2024-09-03 20:49:01,229 INFO  [main] org.apache.catalina.core.StandardService:Starting service [Tomcat]
""2024-09-03 20:49:01,229 INFO  [main] org.apache.catalina.core.StandardEngine:Starting Servlet engine: [Apache Tomcat/10.1.26]
""2024-09-03 20:49:01,424 INFO  [main] org.apache.catalina.core.ContainerBase.[Tomcat].[localhost].[/]:Initializing Spring embedded WebApplicationContext
""2024-09-03 20:49:01,425 INFO  [main] org.springframework.boot.web.servlet.context.ServletWebServerApplicationContext:Root WebApplicationContext: initialization completed in 7496 ms
""2024-09-03 20:49:01,855 INFO  [main] org.hibernate.jpa.internal.util.LogHelper:HHH000204: Processing PersistenceUnitInfo [name: default]
""2024-09-03 20:49:02,044 INFO  [main] org.hibernate.Version:HHH000412: Hibernate ORM core version 6.5.2.Final
""2024-09-03 20:49:02,147 INFO  [main] org.hibernate.cache.internal.RegionFactoryInitiator:HHH000026: Second-level cache disabled
""2024-09-03 20:49:02,898 INFO  [main] org.springframework.orm.jpa.persistenceunit.SpringPersistenceUnitInfo:No LoadTimeWeaver setup: ignoring JPA class transformer
""2024-09-03 20:49:02,963 INFO  [main] com.zaxxer.hikari.HikariDataSource:HikariPool-1 - Starting...
""2024-09-03 20:49:03,512 INFO  [main] com.zaxxer.hikari.pool.HikariPool:HikariPool-1 - Added connection org.postgresql.jdbc.PgConnection@7d61468c
""2024-09-03 20:49:03,515 INFO  [main] com.zaxxer.hikari.HikariDataSource:HikariPool-1 - Start completed.
""2024-09-03 20:49:03,585 WARN  [main] org.hibernate.orm.deprecation:HHH90000025: PostgreSQLDialect does not need to be specified explicitly using 'hibernate.dialect' (remove the property setting and it will be selected by default)
""2024-09-03 20:49:06,507 INFO  [main] org.hibernate.engine.transaction.jta.platform.internal.JtaPlatformInitiator:HHH000489: No JTA platform available (set 'hibernate.transaction.jta.platform' to enable JTA platform integration)
""2024-09-03 20:49:06,974 INFO  [main] org.springframework.orm.jpa.LocalContainerEntityManagerFactoryBean:Initialized JPA EntityManagerFactory for persistence unit 'default'
""2024-09-03 20:49:07,643 INFO  [main] org.springframework.data.jpa.repository.query.QueryEnhancerFactory:Hibernate is in classpath; If applicable, HQL parser will be used.
""2024-09-03 20:49:08,862 INFO  [main] org.springframework.security.config.annotation.authentication.configuration.InitializeUserDetailsBeanManagerConfigurer$InitializeUserDetailsManagerConfigurer:Global AuthenticationManager configured with UserDetailsService bean with name userDetailsServiceImpl
""2024-09-03 20:49:08,998 WARN  [main] org.springframework.boot.autoconfigure.orm.jpa.JpaBaseConfiguration$JpaWebConfiguration:spring.jpa.open-in-view is enabled by default. Therefore, database queries may be performed during view rendering. Explicitly configure spring.jpa.open-in-view to disable this warning
""2024-09-03 20:49:11,018 INFO  [main] org.springframework.boot.web.embedded.tomcat.TomcatWebServer:Tomcat started on port 8080 (http) with context path '/'
""2024-09-03 20:49:11,035 INFO  [main] com.team02.best_properta.BestPropertaApplication:Started BestPropertaApplication in 18.302 seconds (process running for 19.109)
""2024-09-03 20:49:17,262 INFO  [http-nio-8080-exec-1] org.apache.catalina.core.ContainerBase.[Tomcat].[localhost].[/]:Initializing Spring DispatcherServlet 'dispatcherServlet'
""2024-09-03 20:50:29,889 INFO  [SpringApplicationShutdownHook] org.springframework.orm.jpa.LocalContainerEntityManagerFactoryBean:Closing JPA EntityManagerFactory for persistence unit 'default'
""2024-09-03 20:50:29,940 INFO  [SpringApplicationShutdownHook] com.zaxxer.hikari.HikariDataSource:HikariPool-1 - Shutdown initiated...
""2024-09-03 20:50:29,964 INFO  [SpringApplicationShutdownHook] com.zaxxer.hikari.HikariDataSource:HikariPool-1 - Shutdown completed.
""2024-09-03 21:57:39,799 INFO  [main] com.team02.best_properta.BestPropertaApplication:Starting BestPropertaApplication using Java 21.0.2 with PID 44648 (C:\Users\suleyman\OneDrive\Masaüstü\graduation_project\best_properta\best_properta-main\target\classes started by suleyman in C:\Users\suleyman\OneDrive\Masaüstü\graduation_project)
""2024-09-03 21:57:39,804 INFO  [main] com.team02.best_properta.BestPropertaApplication:No active profile set, falling back to 1 default profile: "default"
""2024-09-03 21:57:42,099 INFO  [main] org.springframework.data.repository.config.RepositoryConfigurationDelegate:Bootstrapping Spring Data JPA repositories in DEFAULT mode.
""2024-09-03 21:57:42,461 INFO  [main] org.springframework.data.repository.config.RepositoryConfigurationDelegate:Finished Spring Data repository scanning in 345 ms. Found 15 JPA repository interfaces.
""2024-09-03 21:57:43,929 INFO  [main] org.springframework.boot.web.embedded.tomcat.TomcatWebServer:Tomcat initialized with port 8080 (http)
""2024-09-03 21:57:43,964 INFO  [main] org.apache.catalina.core.StandardService:Starting service [Tomcat]
""2024-09-03 21:57:43,965 INFO  [main] org.apache.catalina.core.StandardEngine:Starting Servlet engine: [Apache Tomcat/10.1.26]
""2024-09-03 21:57:44,139 INFO  [main] org.apache.catalina.core.ContainerBase.[Tomcat].[localhost].[/]:Initializing Spring embedded WebApplicationContext
""2024-09-03 21:57:44,139 INFO  [main] org.springframework.boot.web.servlet.context.ServletWebServerApplicationContext:Root WebApplicationContext: initialization completed in 4198 ms
""2024-09-03 21:57:44,473 INFO  [main] org.hibernate.jpa.internal.util.LogHelper:HHH000204: Processing PersistenceUnitInfo [name: default]
""2024-09-03 21:57:44,620 INFO  [main] org.hibernate.Version:HHH000412: Hibernate ORM core version 6.5.2.Final
""2024-09-03 21:57:44,709 INFO  [main] org.hibernate.cache.internal.RegionFactoryInitiator:HHH000026: Second-level cache disabled
""2024-09-03 21:57:45,439 INFO  [main] org.springframework.orm.jpa.persistenceunit.SpringPersistenceUnitInfo:No LoadTimeWeaver setup: ignoring JPA class transformer
""2024-09-03 21:57:45,508 INFO  [main] com.zaxxer.hikari.HikariDataSource:HikariPool-1 - Starting...
""2024-09-03 21:57:46,319 INFO  [main] com.zaxxer.hikari.pool.HikariPool:HikariPool-1 - Added connection org.postgresql.jdbc.PgConnection@58aa5c94
""2024-09-03 21:57:46,321 INFO  [main] com.zaxxer.hikari.HikariDataSource:HikariPool-1 - Start completed.
""2024-09-03 21:57:46,409 WARN  [main] org.hibernate.orm.deprecation:HHH90000025: PostgreSQLDialect does not need to be specified explicitly using 'hibernate.dialect' (remove the property setting and it will be selected by default)
""2024-09-03 21:57:49,216 INFO  [main] org.hibernate.engine.transaction.jta.platform.internal.JtaPlatformInitiator:HHH000489: No JTA platform available (set 'hibernate.transaction.jta.platform' to enable JTA platform integration)
""2024-09-03 21:57:49,813 INFO  [main] org.springframework.orm.jpa.LocalContainerEntityManagerFactoryBean:Initialized JPA EntityManagerFactory for persistence unit 'default'
""2024-09-03 21:57:50,322 INFO  [main] org.springframework.data.jpa.repository.query.QueryEnhancerFactory:Hibernate is in classpath; If applicable, HQL parser will be used.
""2024-09-03 21:57:51,351 INFO  [main] org.springframework.security.config.annotation.authentication.configuration.InitializeUserDetailsBeanManagerConfigurer$InitializeUserDetailsManagerConfigurer:Global AuthenticationManager configured with UserDetailsService bean with name userDetailsServiceImpl
""2024-09-03 21:57:51,615 WARN  [main] org.springframework.boot.autoconfigure.orm.jpa.JpaBaseConfiguration$JpaWebConfiguration:spring.jpa.open-in-view is enabled by default. Therefore, database queries may be performed during view rendering. Explicitly configure spring.jpa.open-in-view to disable this warning
""2024-09-03 21:57:53,072 INFO  [main] org.springframework.boot.web.embedded.tomcat.TomcatWebServer:Tomcat started on port 8080 (http) with context path '/'
""2024-09-03 21:57:53,082 INFO  [main] com.team02.best_properta.BestPropertaApplication:Started BestPropertaApplication in 14.321 seconds (process running for 15.325)
""2024-09-03 22:00:45,810 INFO  [SpringApplicationShutdownHook] org.springframework.orm.jpa.LocalContainerEntityManagerFactoryBean:Closing JPA EntityManagerFactory for persistence unit 'default'
""2024-09-03 22:00:45,896 INFO  [SpringApplicationShutdownHook] com.zaxxer.hikari.HikariDataSource:HikariPool-1 - Shutdown initiated...
""2024-09-03 22:00:45,940 INFO  [SpringApplicationShutdownHook] com.zaxxer.hikari.HikariDataSource:HikariPool-1 - Shutdown completed.
"